1609828112714	geckodriver	INFO	Listening on 127.0.0.1:49541
1609828115779	mozrunner::runner	INFO	Running command: "C:\\Program Files\\Mozilla Firefox\\firefox.exe" "--marionette" "-foreground" "-no-remote" "-profile" "C:\\Users\\kelvi\\AppData\\Local\\Temp\\rust_mozprofilevSRJKl"
1609828151023	geckodriver	INFO	Listening on 127.0.0.1:49613
1609828154100	mozrunner::runner	INFO	Running command: "C:\\Program Files\\Mozilla Firefox\\firefox.exe" "--marionette" "-foreground" "-no-remote" "-profile" "C:\\Users\\kelvi\\AppData\\Local\\Temp\\rust_mozprofile1JkikC"
Can't find symbol 'eglSwapBuffersWithDamageEXT'.
Can't find symbol 'eglSetDamageRegionKHR'.
console.warn: SearchSettings: "get: No settings file exists, new profile?" (new Error("", "(unknown module)"))
1609828156742	Marionette	INFO	Listening on port 49621
1609828156806	Marionette	WARN	TLS certificate errors will be ignored for this session
JavaScript error: resource://gre/actors/AutoCompleteChild.jsm, line 125: Error: Invalid autocomplete selectedIndex
1609828157746	Marionette	INFO	Stopped listening on port 49621
JavaScript error: resource://activity-stream/lib/ASRouter.jsm, line 987: NS_ERROR_ILLEGAL_VALUE: Component returned failure code: 0x80070057 (NS_ERROR_ILLEGAL_VALUE) [nsIObserverService.removeObserver]

###!!! [Child][RunMessage] Error: Channel closing: too late to send/recv, messages will be lost

1609828163694	geckodriver	INFO	Listening on 127.0.0.1:49680
1609828166739	mozrunner::runner	INFO	Running command: "C:\\Program Files\\Mozilla Firefox\\firefox.exe" "--marionette" "-foreground" "-no-remote" "-profile" "C:\\Users\\kelvi\\AppData\\Local\\Temp\\rust_mozprofilevN97bR"
Can't find symbol 'eglSwapBuffersWithDamageEXT'.
Can't find symbol 'eglSetDamageRegionKHR'.
console.warn: SearchSettings: "get: No settings file exists, new profile?" (new Error("", "(unknown module)"))
1609828169276	Marionette	INFO	Listening on port 49689
1609828169439	Marionette	WARN	TLS certificate errors will be ignored for this session
JavaScript error: resource://gre/actors/AutoCompleteChild.jsm, line 125: Error: Invalid autocomplete selectedIndex
1609828170287	Marionette	INFO	Stopped listening on port 49689
JavaScript error: resource://activity-stream/lib/ASRouter.jsm, line 987: NS_ERROR_ILLEGAL_VALUE: Component returned failure code: 0x80070057 (NS_ERROR_ILLEGAL_VALUE) [nsIObserverService.removeObserver]

###!!! [Child][RunMessage] Error: Channel closing: too late to send/recv, messages will be lost

1609828181421	geckodriver	INFO	Listening on 127.0.0.1:49739
1609828184486	mozrunner::runner	INFO	Running command: "C:\\Program Files\\Mozilla Firefox\\firefox.exe" "--marionette" "-foreground" "-no-remote" "-profile" "C:\\Users\\kelvi\\AppData\\Local\\Temp\\rust_mozprofile4n3Ums"
Can't find symbol 'eglSwapBuffersWithDamageEXT'.
Can't find symbol 'eglSetDamageRegionKHR'.
console.warn: SearchSettings: "get: No settings file exists, new profile?" (new Error("", "(unknown module)"))
1609828187047	Marionette	INFO	Listening on port 49748
1609828187182	Marionette	WARN	TLS certificate errors will be ignored for this session
JavaScript error: resource://gre/actors/AutoCompleteChild.jsm, line 125: Error: Invalid autocomplete selectedIndex
1609828188375	Marionette	INFO	Stopped listening on port 49748

###!!! [Child][RunMessage] Error: Channel closing: too late to send/recv, messages will be lost

1609828273134	geckodriver	INFO	Listening on 127.0.0.1:49835
1609828276184	mozrunner::runner	INFO	Running command: "C:\\Program Files\\Mozilla Firefox\\firefox.exe" "--marionette" "-foreground" "-no-remote" "-profile" "C:\\Users\\kelvi\\AppData\\Local\\Temp\\rust_mozprofileuPwXSN"
Can't find symbol 'eglSwapBuffersWithDamageEXT'.
Can't find symbol 'eglSetDamageRegionKHR'.
console.warn: SearchSettings: "get: No settings file exists, new profile?" (new Error("", "(unknown module)"))
1609828278590	Marionette	INFO	Listening on port 49843
1609828278877	Marionette	WARN	TLS certificate errors will be ignored for this session
JavaScript error: resource://gre/actors/AutoCompleteChild.jsm, line 125: Error: Invalid autocomplete selectedIndex
1609828279752	Marionette	INFO	Stopped listening on port 49843
JavaScript error: resource://activity-stream/lib/ASRouter.jsm, line 987: NS_ERROR_ILLEGAL_VALUE: Component returned failure code: 0x80070057 (NS_ERROR_ILLEGAL_VALUE) [nsIObserverService.removeObserver]

###!!! [Child][RunMessage] Error: Channel closing: too late to send/recv, messages will be lost

1609828449964	geckodriver	INFO	Listening on 127.0.0.1:49989
1609828453031	mozrunner::runner	INFO	Running command: "C:\\Program Files\\Mozilla Firefox\\firefox.exe" "--marionette" "-foreground" "-no-remote" "-profile" "C:\\Users\\kelvi\\AppData\\Local\\Temp\\rust_mozprofileIghsns"
Can't find symbol 'eglSwapBuffersWithDamageEXT'.
Can't find symbol 'eglSetDamageRegionKHR'.
console.warn: SearchSettings: "get: No settings file exists, new profile?" (new Error("", "(unknown module)"))
1609828455584	Marionette	INFO	Listening on port 49999
1609828455725	Marionette	WARN	TLS certificate errors will be ignored for this session
Can't find symbol 'eglSwapBuffersWithDamageEXT'.
Can't find symbol 'eglSetDamageRegionKHR'.
JavaScript warning: https://assets.alicdn.com/g/secdev/sufei_data/3.9.1/index.js, line 1: WebGL context was lost.
JavaScript warning: https://g.alicdn.com/AWSC/et/1.62.1/et_n.js, line 4: WebGL context was lost.
JavaScript warning: https://assets.alicdn.com/g??xlly/spl/rp.js,secdev/nsv/1.0.78/ns_e_88_3_n.js, line 5: WebGL context was lost.
JavaScript warning: https://g.alicdn.com/AWSC/WebUMID/1.87.0/um.js, line 7: WebGL context was lost.
[Parent 21464, Gecko_IOThread] WARNING: file /builds/worker/checkouts/gecko/ipc/chromium/src/base/process_util_win.cc:166
1609828510499	Marionette	INFO	Stopped listening on port 49999

###!!! [Child][RunMessage] Error: Channel closing: too late to send/recv, messages will be lost

JavaScript error: resource://gre/modules/osfile/osfile_async_front.jsm, line 426: Error: OS.File has been shut down. Rejecting post to stat
1609828522034	geckodriver	INFO	Listening on 127.0.0.1:50166
1609828525091	mozrunner::runner	INFO	Running command: "C:\\Program Files\\Mozilla Firefox\\firefox.exe" "--marionette" "-foreground" "-no-remote" "-profile" "C:\\Users\\kelvi\\AppData\\Local\\Temp\\rust_mozprofile8BC0Qu"
Can't find symbol 'eglSwapBuffersWithDamageEXT'.
Can't find symbol 'eglSetDamageRegionKHR'.
console.warn: SearchSettings: "get: No settings file exists, new profile?" (new Error("", "(unknown module)"))
1609828527608	Marionette	INFO	Listening on port 50177
1609828527779	Marionette	WARN	TLS certificate errors will be ignored for this session
1609828533253	Marionette	INFO	Stopped listening on port 50177

###!!! [Child][RunMessage] Error: Channel closing: too late to send/recv, messages will be lost

1609828543478	geckodriver	INFO	Listening on 127.0.0.1:50287
1609828546514	mozrunner::runner	INFO	Running command: "C:\\Program Files\\Mozilla Firefox\\firefox.exe" "--marionette" "-foreground" "-no-remote" "-profile" "C:\\Users\\kelvi\\AppData\\Local\\Temp\\rust_mozprofile8UEBBg"
Can't find symbol 'eglSwapBuffersWithDamageEXT'.
Can't find symbol 'eglSetDamageRegionKHR'.
console.warn: SearchSettings: "get: No settings file exists, new profile?" (new Error("", "(unknown module)"))
1609828549214	Marionette	INFO	Listening on port 50296
1609828549706	Marionette	WARN	TLS certificate errors will be ignored for this session
JavaScript error: resource://gre/actors/AutoCompleteChild.jsm, line 125: Error: Invalid autocomplete selectedIndex
1609828550553	Marionette	INFO	Stopped listening on port 50296
JavaScript error: resource://activity-stream/lib/ASRouter.jsm, line 987: NS_ERROR_ILLEGAL_VALUE: Component returned failure code: 0x80070057 (NS_ERROR_ILLEGAL_VALUE) [nsIObserverService.removeObserver]

###!!! [Child][RunMessage] Error: Channel closing: too late to send/recv, messages will be lost

1609828568685	geckodriver	INFO	Listening on 127.0.0.1:50362
1609828571766	mozrunner::runner	INFO	Running command: "C:\\Program Files\\Mozilla Firefox\\firefox.exe" "--marionette" "-foreground" "-no-remote" "-profile" "C:\\Users\\kelvi\\AppData\\Local\\Temp\\rust_mozprofileAvpLmn"
Can't find symbol 'eglSwapBuffersWithDamageEXT'.
Can't find symbol 'eglSetDamageRegionKHR'.
console.warn: SearchSettings: "get: No settings file exists, new profile?" (new Error("", "(unknown module)"))
1609828574411	Marionette	INFO	Listening on port 50373
1609828574469	Marionette	WARN	TLS certificate errors will be ignored for this session
JavaScript error: resource://gre/actors/AutoCompleteChild.jsm, line 125: Error: Invalid autocomplete selectedIndex
[Parent 17048, Gecko_IOThread] WARNING: file /builds/worker/checkouts/gecko/ipc/chromium/src/base/process_util_win.cc:166
1609828579439	Marionette	INFO	Stopped listening on port 50373

###!!! [Child][RunMessage] Error: Channel closing: too late to send/recv, messages will be lost

1609828582344	geckodriver	INFO	Listening on 127.0.0.1:50446
1609828585404	mozrunner::runner	INFO	Running command: "C:\\Program Files\\Mozilla Firefox\\firefox.exe" "--marionette" "-foreground" "-no-remote" "-profile" "C:\\Users\\kelvi\\AppData\\Local\\Temp\\rust_mozprofile9sUuso"
Can't find symbol 'eglSwapBuffersWithDamageEXT'.
Can't find symbol 'eglSetDamageRegionKHR'.
console.warn: SearchSettings: "get: No settings file exists, new profile?" (new Error("", "(unknown module)"))
1609828587956	Marionette	INFO	Listening on port 50458
1609828588099	Marionette	WARN	TLS certificate errors will be ignored for this session
JavaScript error: resource://gre/actors/AutoCompleteChild.jsm, line 125: Error: Invalid autocomplete selectedIndex
1609828588956	Marionette	INFO	Stopped listening on port 50458
JavaScript error: resource://activity-stream/lib/ASRouter.jsm, line 987: NS_ERROR_ILLEGAL_VALUE: Component returned failure code: 0x80070057 (NS_ERROR_ILLEGAL_VALUE) [nsIObserverService.removeObserver]
1609828815963	geckodriver	INFO	Listening on 127.0.0.1:50673
1609828819032	mozrunner::runner	INFO	Running command: "C:\\Program Files\\Mozilla Firefox\\firefox.exe" "--marionette" "-foreground" "-no-remote" "-profile" "C:\\Users\\kelvi\\AppData\\Local\\Temp\\rust_mozprofileB85Ccl"
Can't find symbol 'eglSwapBuffersWithDamageEXT'.
Can't find symbol 'eglSetDamageRegionKHR'.
console.warn: SearchSettings: "get: No settings file exists, new profile?" (new Error("", "(unknown module)"))
1609828821661	Marionette	INFO	Listening on port 50683
1609828821738	Marionette	WARN	TLS certificate errors will be ignored for this session
1609828824110	Marionette	INFO	Stopped listening on port 50683

###!!! [Child][RunMessage] Error: Channel closing: too late to send/recv, messages will be lost

1609828838347	geckodriver	INFO	Listening on 127.0.0.1:50759
1609828841406	mozrunner::runner	INFO	Running command: "C:\\Program Files\\Mozilla Firefox\\firefox.exe" "--marionette" "-foreground" "-no-remote" "-profile" "C:\\Users\\kelvi\\AppData\\Local\\Temp\\rust_mozprofileYaXoQ4"
Can't find symbol 'eglSwapBuffersWithDamageEXT'.
Can't find symbol 'eglSetDamageRegionKHR'.
console.warn: SearchSettings: "get: No settings file exists, new profile?" (new Error("", "(unknown module)"))
1609828844070	Marionette	INFO	Listening on port 50768
1609828844110	Marionette	WARN	TLS certificate errors will be ignored for this session
Can't find symbol 'eglSwapBuffersWithDamageEXT'.
Can't find symbol 'eglSetDamageRegionKHR'.
JavaScript warning: https://aeis.alicdn.com/AWSC/WebUMID/1.87.0/um.js, line 7: WebGL context was lost.
JavaScript warning: https://assets.alicdn.com/g/secdev/sufei_data/3.9.5/index.js, line 1: WebGL context was lost.
JavaScript warning: https://g.alicdn.com/AWSC/et/1.62.1/et_n.js, line 4: WebGL context was lost.
JavaScript warning: https://assets.alicdn.com/g??xlly/spl/rp.js,secdev/nsv/1.0.78/ns_e_88_3_n.js, line 5: WebGL context was lost.
JavaScript warning: https://aeis.alicdn.com/AWSC/WebUMID/1.87.0/um.js, line 7: WebGL context was lost.
[Child 23572, Chrome_ChildThread] WARNING: pipe error: 232: file /builds/worker/checkouts/gecko/ipc/chromium/src/chrome/common/ipc_channel_win.cc:545
[Child 23572, Chrome_ChildThread] WARNING: pipe error: 232: file /builds/worker/checkouts/gecko/ipc/chromium/src/chrome/common/ipc_channel_win.cc:545
[Child 23572, Chrome_ChildThread] WARNING: pipe error: 232: file /builds/worker/checkouts/gecko/ipc/chromium/src/chrome/common/ipc_channel_win.cc:545
[Child 23572, Chrome_ChildThread] WARNING: pipe error: 232: file /builds/worker/checkouts/gecko/ipc/chromium/src/chrome/common/ipc_channel_win.cc:545
1609828851060	Marionette	INFO	Stopped listening on port 50768

###!!! [Child][RunMessage] Error: Channel closing: too late to send/recv, messages will be lost

1609828858593	geckodriver	INFO	Listening on 127.0.0.1:50914
1609828861644	mozrunner::runner	INFO	Running command: "C:\\Program Files\\Mozilla Firefox\\firefox.exe" "--marionette" "-foreground" "-no-remote" "-profile" "C:\\Users\\kelvi\\AppData\\Local\\Temp\\rust_mozprofileWQmZ8k"
Can't find symbol 'eglSwapBuffersWithDamageEXT'.
Can't find symbol 'eglSetDamageRegionKHR'.
console.warn: SearchSettings: "get: No settings file exists, new profile?" (new Error("", "(unknown module)"))
1609828864325	Marionette	INFO	Listening on port 50924
1609828864831	Marionette	WARN	TLS certificate errors will be ignored for this session
Can't find symbol 'eglSwapBuffersWithDamageEXT'.
Can't find symbol 'eglSetDamageRegionKHR'.
JavaScript warning: https://assets.alicdn.com/g/secdev/sufei_data/3.9.5/index.js, line 1: WebGL context was lost.
JavaScript warning: https://assets.alicdn.com/g??xlly/spl/rp.js,secdev/nsv/1.0.78/ns_e_88_3_n.js, line 5: WebGL context was lost.
JavaScript warning: https://g.alicdn.com/AWSC/et/1.62.1/et_n.js, line 4: WebGL context was lost.
JavaScript warning: https://aeis.alicdn.com/AWSC/WebUMID/1.87.0/um.js, line 7: WebGL context was lost.
JavaScript warning: https://assets.alicdn.com/g/secdev/sufei_data/3.9.5/index.js, line 1: WebGL context was lost.
JavaScript warning: https://g.alicdn.com/AWSC/et/1.62.1/et_n.js, line 4: WebGL context was lost.
JavaScript warning: https://assets.alicdn.com/g??xlly/spl/rp.js,secdev/nsv/1.0.78/ns_e_88_3_n.js, line 5: WebGL context was lost.
JavaScript warning: https://aeis.alicdn.com/AWSC/WebUMID/1.87.0/um.js, line 7: WebGL context was lost.
1609828871105	Marionette	INFO	Stopped listening on port 50924

###!!! [Child][RunMessage] Error: Channel closing: too late to send/recv, messages will be lost

1609828889387	geckodriver	INFO	Listening on 127.0.0.1:51092
1609828892455	mozrunner::runner	INFO	Running command: "C:\\Program Files\\Mozilla Firefox\\firefox.exe" "--marionette" "-foreground" "-no-remote" "-profile" "C:\\Users\\kelvi\\AppData\\Local\\Temp\\rust_mozprofile2MDz3s"
Can't find symbol 'eglSwapBuffersWithDamageEXT'.
Can't find symbol 'eglSetDamageRegionKHR'.
console.warn: SearchSettings: "get: No settings file exists, new profile?" (new Error("", "(unknown module)"))
1609828895040	Marionette	INFO	Listening on port 51103
1609828895147	Marionette	WARN	TLS certificate errors will be ignored for this session
1609828923731	Marionette	INFO	Stopped listening on port 51103

###!!! [Child][RunMessage] Error: Channel closing: too late to send/recv, messages will be lost

1609828958041	geckodriver	INFO	Listening on 127.0.0.1:51260
1609828961085	mozrunner::runner	INFO	Running command: "C:\\Program Files\\Mozilla Firefox\\firefox.exe" "--marionette" "-foreground" "-no-remote" "-profile" "C:\\Users\\kelvi\\AppData\\Local\\Temp\\rust_mozprofileRK7idL"
Can't find symbol 'eglSwapBuffersWithDamageEXT'.
Can't find symbol 'eglSetDamageRegionKHR'.
console.warn: SearchSettings: "get: No settings file exists, new profile?" (new Error("", "(unknown module)"))
1609828963699	Marionette	INFO	Listening on port 51269
1609828963777	Marionette	WARN	TLS certificate errors will be ignored for this session
Can't find symbol 'eglSwapBuffersWithDamageEXT'.
Can't find symbol 'eglSetDamageRegionKHR'.
JavaScript warning: https://aeis.alicdn.com/AWSC/WebUMID/1.87.0/um.js, line 7: WebGL context was lost.
JavaScript warning: https://g.alicdn.com/AWSC/et/1.62.1/et_n.js, line 4: WebGL context was lost.
JavaScript warning: https://assets.alicdn.com/g/secdev/sufei_data/3.9.5/index.js, line 1: WebGL context was lost.
JavaScript warning: https://assets.alicdn.com/g??xlly/spl/rp.js,secdev/nsv/1.0.78/ns_e_88_3_n.js, line 5: WebGL context was lost.
JavaScript warning: https://aeis.alicdn.com/AWSC/WebUMID/1.87.0/um.js, line 7: WebGL context was lost.
1609828976864	Marionette	INFO	Stopped listening on port 51269

###!!! [Child][RunMessage] Error: Channel closing: too late to send/recv, messages will be lost

1609829244480	geckodriver	INFO	Listening on 127.0.0.1:51641
1609829247534	mozrunner::runner	INFO	Running command: "C:\\Program Files\\Mozilla Firefox\\firefox.exe" "--marionette" "-foreground" "-no-remote" "-profile" "C:\\Users\\kelvi\\AppData\\Local\\Temp\\rust_mozprofilektyhND"
Can't find symbol 'eglSwapBuffersWithDamageEXT'.
Can't find symbol 'eglSetDamageRegionKHR'.
console.warn: SearchSettings: "get: No settings file exists, new profile?" (new Error("", "(unknown module)"))
1609829250264	Marionette	INFO	Listening on port 51652
1609829250730	Marionette	WARN	TLS certificate errors will be ignored for this session
Can't find symbol 'eglSwapBuffersWithDamageEXT'.
Can't find symbol 'eglSetDamageRegionKHR'.
JavaScript warning: https://aeis.alicdn.com/AWSC/WebUMID/1.87.0/um.js, line 7: WebGL context was lost.
JavaScript warning: https://assets.alicdn.com/g/secdev/sufei_data/3.9.5/index.js, line 1: WebGL context was lost.
JavaScript warning: https://aeis.alicdn.com/AWSC/WebUMID/1.87.0/um.js, line 7: WebGL context was lost.
JavaScript warning: https://g.alicdn.com/AWSC/et/1.62.1/et_n.js, line 4: WebGL context was lost.
JavaScript warning: https://assets.alicdn.com/g??xlly/spl/rp.js,secdev/nsv/1.0.78/ns_e_88_3_n.js, line 5: WebGL context was lost.
1609829269488	Marionette	INFO	Stopped listening on port 51652
1609912132137	geckodriver	INFO	Listening on 127.0.0.1:49896
1609912135203	mozrunner::runner	INFO	Running command: "C:\\Program Files\\Mozilla Firefox\\firefox.exe" "--marionette" "-foreground" "-no-remote" "-profile" "C:\\Users\\kelvi\\AppData\\Local\\Temp\\rust_mozprofiled4xDMG"
Can't find symbol 'eglSwapBuffersWithDamageEXT'.
Can't find symbol 'eglSetDamageRegionKHR'.
console.warn: SearchSettings: "get: No settings file exists, new profile?" (new Error("", "(unknown module)"))
1609912137829	Marionette	INFO	Listening on port 49904
1609912137911	Marionette	WARN	TLS certificate errors will be ignored for this session
Can't find symbol 'eglSwapBuffersWithDamageEXT'.
Can't find symbol 'eglSetDamageRegionKHR'.
JavaScript warning: https://aeis.alicdn.com/AWSC/WebUMID/1.87.0/um.js, line 7: WebGL context was lost.
JavaScript warning: https://g.alicdn.com/AWSC/et/1.62.1/et_n.js, line 4: WebGL context was lost.
JavaScript warning: https://assets.alicdn.com/g/secdev/sufei_data/3.9.5/index.js, line 1: WebGL context was lost.
JavaScript warning: https://aeis.alicdn.com/AWSC/WebUMID/1.87.0/um.js, line 7: WebGL context was lost.
JavaScript warning: https://assets.alicdn.com/g??xlly/spl/rp.js,secdev/nsv/1.0.78/ns_e_88_3_n.js, line 5: WebGL context was lost.

###!!! [Child][MessageChannel] Error: (msgtype=0x870001,name=PRemoteSpellcheckEngine::Msg___delete__) Channel closing: too late to send/recv, messages will be lost


###!!! [Child][MessageChannel] Error: (msgtype=0x5B000A,name=PHttpChannel::Msg_DeletingChannel) Channel closing: too late to send/recv, messages will be lost


###!!! [Child][MessageChannel] Error: (msgtype=0x5B000A,name=PHttpChannel::Msg_DeletingChannel) Channel closing: too late to send/recv, messages will be lost


###!!! [Child][MessageChannel] Error: (msgtype=0x5B000A,name=PHttpChannel::Msg_DeletingChannel) Channel closing: too late to send/recv, messages will be lost


###!!! [Child][MessageChannel] Error: (msgtype=0x5B000A,name=PHttpChannel::Msg_DeletingChannel) Channel closing: too late to send/recv, messages will be lost


###!!! [Child][MessageChannel] Error: (msgtype=0x5B000A,name=PHttpChannel::Msg_DeletingChannel) Channel closing: too late to send/recv, messages will be lost


###!!! [Child][MessageChannel] Error: (msgtype=0x5B000A,name=PHttpChannel::Msg_DeletingChannel) Channel closing: too late to send/recv, messages will be lost


###!!! [Child][MessageChannel] Error: (msgtype=0x5B000A,name=PHttpChannel::Msg_DeletingChannel) Channel closing: too late to send/recv, messages will be lost


###!!! [Child][RunMessage] Error: Channel closing: too late to send/recv, messages will be lost

1609912143510	Marionette	INFO	Stopped listening on port 49904

###!!! [Child][RunMessage] Error: Channel closing: too late to send/recv, messages will be lost

1609912220673	geckodriver	INFO	Listening on 127.0.0.1:50040
1609912223736	mozrunner::runner	INFO	Running command: "C:\\Program Files\\Mozilla Firefox\\firefox.exe" "--marionette" "-foreground" "-no-remote" "-profile" "C:\\Users\\kelvi\\AppData\\Local\\Temp\\rust_mozprofileI8suCc"
Can't find symbol 'eglSwapBuffersWithDamageEXT'.
Can't find symbol 'eglSetDamageRegionKHR'.
console.warn: SearchSettings: "get: No settings file exists, new profile?" (new Error("", "(unknown module)"))
1609912226305	Marionette	INFO	Listening on port 50050
1609912226435	Marionette	WARN	TLS certificate errors will be ignored for this session
Can't find symbol 'eglSwapBuffersWithDamageEXT'.
Can't find symbol 'eglSetDamageRegionKHR'.
JavaScript warning: https://aeis.alicdn.com/AWSC/WebUMID/1.87.0/um.js, line 7: WebGL context was lost.
JavaScript warning: https://aeis.alicdn.com/AWSC/WebUMID/1.87.0/um.js, line 7: WebGL context was lost.
JavaScript error: https://www.lazada.com/static/js/base.js, line 34: ReferenceError: lozad is not defined
JavaScript warning: https://g.alicdn.com/AWSC/WebUMID/1.87.0/um.js, line 7: WebGL context was lost.
JavaScript error: resource://devtools/client/inspector/markup/views/element-editor.js, line 508: TypeError: this.node.walkerFront is null
JavaScript error: resource://devtools/client/inspector/markup/views/element-editor.js, line 508: TypeError: this.node.walkerFront is null
JavaScript error: resource://devtools/client/inspector/markup/views/element-editor.js, line 508: TypeError: this.node.walkerFront is null
JavaScript error: https://www.lazada.com/static/js/base.js, line 34: ReferenceError: lozad is not defined
JavaScript warning: https://g.alicdn.com/AWSC/WebUMID/1.87.0/um.js, line 7: WebGL context was lost.
[Child 7132, Chrome_ChildThread] WARNING: pipe error: 232: file /builds/worker/checkouts/gecko/ipc/chromium/src/chrome/common/ipc_channel_win.cc:545
[Child 7132, Chrome_ChildThread] WARNING: pipe error: 232: file /builds/worker/checkouts/gecko/ipc/chromium/src/chrome/common/ipc_channel_win.cc:545
1609912340762	Marionette	INFO	Stopped listening on port 50050

###!!! [Child][RunMessage] Error: Channel closing: too late to send/recv, messages will be lost

1609912357887	geckodriver	INFO	Listening on 127.0.0.1:50201
1609912360935	mozrunner::runner	INFO	Running command: "C:\\Program Files\\Mozilla Firefox\\firefox.exe" "--marionette" "-foreground" "-no-remote" "-profile" "C:\\Users\\kelvi\\AppData\\Local\\Temp\\rust_mozprofilegMq6Jn"
Can't find symbol 'eglSwapBuffersWithDamageEXT'.
Can't find symbol 'eglSetDamageRegionKHR'.
console.warn: SearchSettings: "get: No settings file exists, new profile?" (new Error("", "(unknown module)"))
1609912363619	Marionette	INFO	Listening on port 50209
1609912364125	Marionette	WARN	TLS certificate errors will be ignored for this session
Can't find symbol 'eglSwapBuffersWithDamageEXT'.
Can't find symbol 'eglSetDamageRegionKHR'.
JavaScript warning: https://aeis.alicdn.com/AWSC/WebUMID/1.87.0/um.js, line 7: WebGL context was lost.
JavaScript warning: https://aeis.alicdn.com/AWSC/WebUMID/1.87.0/um.js, line 7: WebGL context was lost.
JavaScript warning: https://assets.alicdn.com/g/secdev/sufei_data/3.9.1/index.js, line 1: WebGL context was lost.
JavaScript warning: https://g.alicdn.com/AWSC/et/1.62.1/et_n.js, line 4: WebGL context was lost.
JavaScript warning: https://assets.alicdn.com/g??xlly/spl/rp.js,secdev/nsv/1.0.78/ns_e_88_3_n.js, line 5: WebGL context was lost.
JavaScript warning: https://aeis.alicdn.com/AWSC/WebUMID/1.87.0/um.js, line 7: WebGL context was lost.
JavaScript warning: https://aeis.alicdn.com/AWSC/WebUMID/1.87.0/um.js, line 7: WebGL context was lost.
JavaScript warning: https://laz-g-cdn.alicdn.com/AWSC/WebUMID/1.87.0/um.js, line 7: WebGL context was lost.
Handler function _httpStopRequest threw an exception: [Exception... "Component returned failure code: 0x80004005 (NS_ERROR_FAILURE) [nsITraceableChannel.setNewListener]"  nsresult: "0x80004005 (NS_ERROR_FAILURE)"  location: "JS frame :: resource://devtools/server/actors/network-monitor/network-observer.js :: _setupResponseListener :: line 1086"  data: no]
Stack: _setupResponseListener@resource://devtools/server/actors/network-monitor/network-observer.js:1086:38
_createNetworkEvent@resource://devtools/server/actors/network-monitor/network-observer.js:912:12
_httpStopRequest@resource://devtools/server/actors/network-monitor/network-observer.js:409:14
exports.makeInfallible/<@resource://devtools/shared/ThreadSafeDevToolsUtils.js:103:22
Line: 1086, column: 0
console.error: ({})
JavaScript warning: https://assets.alicdn.com/g/secdev/sufei_data/3.9.1/index.js, line 1: WebGL context was lost.
JavaScript warning: https://g.alicdn.com/AWSC/et/1.62.1/et_n.js, line 4: WebGL context was lost.
JavaScript warning: https://assets.alicdn.com/g??xlly/spl/rp.js,secdev/nsv/1.0.78/ns_e_88_3_n.js, line 5: WebGL context was lost.
JavaScript warning: https://aeis.alicdn.com/AWSC/WebUMID/1.87.0/um.js, line 7: WebGL context was lost.
1609922963395	addons.xpi	ERROR	System addon update list error Error: Failed downloading XML, status: 0, reason: error
JavaScript error: , line 0: uncaught exception: Object
JavaScript error: , line 0: uncaught exception: Object
JavaScript error: , line 0: uncaught exception: Object
JavaScript error: , line 0: uncaught exception: Object
1609933821157	Marionette	INFO	Stopped listening on port 50209

###!!! [Child][RunMessage] Error: Channel closing: too late to send/recv, messages will be lost

1609933989826	geckodriver	INFO	Listening on 127.0.0.1:52651
1609933992883	mozrunner::runner	INFO	Running command: "C:\\Program Files\\Mozilla Firefox\\firefox.exe" "--marionette" "-foreground" "-no-remote" "-profile" "C:\\Users\\kelvi\\AppData\\Local\\Temp\\rust_mozprofile6o9VEq"
Can't find symbol 'eglSwapBuffersWithDamageEXT'.
Can't find symbol 'eglSetDamageRegionKHR'.
console.warn: SearchSettings: "get: No settings file exists, new profile?" (new Error("", "(unknown module)"))
1609933996656	Marionette	INFO	Listening on port 52660
1609933997084	Marionette	WARN	TLS certificate errors will be ignored for this session
Can't find symbol 'eglSwapBuffersWithDamageEXT'.
Can't find symbol 'eglSetDamageRegionKHR'.
JavaScript warning: https://aeis.alicdn.com/AWSC/WebUMID/1.87.0/um.js, line 7: WebGL context was lost.
JavaScript warning: https://assets.alicdn.com/g/secdev/sufei_data/3.9.5/index.js, line 1: WebGL context was lost.
JavaScript warning: https://assets.alicdn.com/g??xlly/spl/rp.js,secdev/nsv/1.0.78/ns_e_88_3_n.js, line 5: WebGL context was lost.
JavaScript warning: https://g.alicdn.com/AWSC/et/1.62.1/et_n.js, line 4: WebGL context was lost.
JavaScript warning: https://aeis.alicdn.com/AWSC/WebUMID/1.87.0/um.js, line 7: WebGL context was lost.
1609934007137	Marionette	INFO	Stopped listening on port 52660

###!!! [Child][RunMessage] Error: Channel closing: too late to send/recv, messages will be lost

1609981935322	geckodriver	INFO	Listening on 127.0.0.1:55435
1609981938394	mozrunner::runner	INFO	Running command: "C:\\Program Files\\Mozilla Firefox\\firefox.exe" "--marionette" "-foreground" "-no-remote" "-profile" "C:\\Users\\kelvi\\AppData\\Local\\Temp\\rust_mozprofileHQmk63"
Can't find symbol 'eglSwapBuffersWithDamageEXT'.
Can't find symbol 'eglSetDamageRegionKHR'.
console.warn: SearchSettings: "get: No settings file exists, new profile?" (new Error("", "(unknown module)"))
1609981942015	Marionette	INFO	Listening on port 55443
1609981942123	Marionette	WARN	TLS certificate errors will be ignored for this session
Can't find symbol 'eglSwapBuffersWithDamageEXT'.
Can't find symbol 'eglSetDamageRegionKHR'.
JavaScript warning: https://aeis.alicdn.com/AWSC/WebUMID/1.87.0/um.js, line 7: WebGL context was lost.
JavaScript warning: https://aeis.alicdn.com/AWSC/WebUMID/1.87.0/um.js, line 7: WebGL context was lost.
JavaScript warning: https://aeis.alicdn.com/AWSC/WebUMID/1.87.0/um.js, line 7: WebGL context was lost.
JavaScript warning: https://assets.alicdn.com/g/secdev/sufei_data/3.9.5/index.js, line 1: WebGL context was lost.
JavaScript warning: https://assets.alicdn.com/g??xlly/spl/rp.js,secdev/nsv/1.0.78/ns_e_88_3_n.js, line 5: WebGL context was lost.
JavaScript warning: https://g.alicdn.com/AWSC/et/1.62.1/et_n.js, line 4: WebGL context was lost.
JavaScript warning: https://aeis.alicdn.com/AWSC/WebUMID/1.87.0/um.js, line 7: WebGL context was lost.
1609981951570	Marionette	INFO	Stopped listening on port 55443

###!!! [Child][RunMessage] Error: Channel closing: too late to send/recv, messages will be lost

1609982002756	geckodriver	INFO	Listening on 127.0.0.1:55653
1609982005852	mozrunner::runner	INFO	Running command: "C:\\Program Files\\Mozilla Firefox\\firefox.exe" "--marionette" "-foreground" "-no-remote" "-profile" "C:\\Users\\kelvi\\AppData\\Local\\Temp\\rust_mozprofileDgDgs6"
Can't find symbol 'eglSwapBuffersWithDamageEXT'.
Can't find symbol 'eglSetDamageRegionKHR'.
console.warn: SearchSettings: "get: No settings file exists, new profile?" (new Error("", "(unknown module)"))
1609982008766	Marionette	INFO	Listening on port 55662
1609982009040	Marionette	WARN	TLS certificate errors will be ignored for this session
Marionette threw an error: NotFoundError: WindowGlobalParent.getActor: No such JSWindowActor 'MarionetteCommands'
getMarionetteCommandsActorProxy/get/<@chrome://marionette/content/actors/MarionetteCommandsParent.jsm:330:69
GeckoDriver.prototype.deleteSession@chrome://marionette/content/driver.js:3034:17
onClosed@chrome://marionette/content/server.js:196:17
close@chrome://marionette/content/transport.js:225:18
onInputStreamReady@chrome://marionette/content/transport.js:379:14

JavaScript error: resource://gre/modules/AsyncShutdown.jsm, line 573: NotFoundError: No such JSWindowActor 'MarionetteCommands'
1609982010159	Marionette	INFO	Stopped listening on port 55662

###!!! [Child][RunMessage] Error: Channel closing: too late to send/recv, messages will be lost

